[debug] [2021-05-23T05:54:59.458Z] ----------------------------------------------------------------------
[debug] [2021-05-23T05:54:59.460Z] Command:       C:\Program Files\nodejs\node.exe C:\Users\DEll\AppData\Roaming\npm\node_modules\firebase-tools\lib\bin\firebase.js deploy
[debug] [2021-05-23T05:54:59.460Z] CLI Version:   9.6.1
[debug] [2021-05-23T05:54:59.460Z] Platform:      win32
[debug] [2021-05-23T05:54:59.460Z] Node Version:  v14.16.0
[debug] [2021-05-23T05:54:59.461Z] Time:          Sun May 23 2021 11:24:59 GMT+0530 (India Standard Time)
[debug] [2021-05-23T05:54:59.461Z] ----------------------------------------------------------------------
[debug] [2021-05-23T05:54:59.461Z] 
[debug] [2021-05-23T05:54:59.470Z] > command requires scopes: ["email","openid","https://www.googleapis.com/auth/cloudplatformprojects.readonly","https://www.googleapis.com/auth/firebase","https://www.googleapis.com/auth/cloud-platform"]
[debug] [2021-05-23T05:54:59.470Z] > authorizing via signed-in user
[debug] [2021-05-23T05:54:59.470Z] [iam] checking project team-arcis-d2eac for permissions ["firebase.projects.get","firebasehosting.sites.update"]
[debug] [2021-05-23T05:54:59.472Z] > refreshing access token with scopes: ["email","https://www.googleapis.com/auth/cloud-platform","https://www.googleapis.com/auth/cloudplatformprojects.readonly","https://www.googleapis.com/auth/firebase","openid"]
[debug] [2021-05-23T05:54:59.473Z] >>> HTTP REQUEST POST https://www.googleapis.com/oauth2/v3/token  
 <request body omitted>
[debug] [2021-05-23T05:54:59.689Z] [iam] error while checking permissions, command may fail: FirebaseError: Authentication Error: Your credentials are no longer valid. Please run firebase login --reauth

For CI servers and headless environments, generate a new token with firebase login:ci
[debug] [2021-05-23T05:54:59.692Z] >>> [apiv2][query] GET https://firebase.googleapis.com/v1beta1/projects/team-arcis-d2eac [none]
[debug] [2021-05-23T05:54:59.895Z] Failed to make request to https://firebase.googleapis.com/v1beta1/projects/team-arcis-d2eac
[debug] [2021-05-23T05:55:00.243Z] FirebaseError: Failed to make request to https://firebase.googleapis.com/v1beta1/projects/team-arcis-d2eac
    at Client.doRequest (C:\Users\DEll\AppData\Roaming\npm\node_modules\firebase-tools\lib\apiv2.js:211:19)
    at processTicksAndRejections (internal/process/task_queues.js:93:5)
    at async Client.request (C:\Users\DEll\AppData\Roaming\npm\node_modules\firebase-tools\lib\apiv2.js:96:20)
    at async Object.getFirebaseProject (C:\Users\DEll\AppData\Roaming\npm\node_modules\firebase-tools\lib\management\projects.js:289:21)
    at async Object.getDefaultHostingSite (C:\Users\DEll\AppData\Roaming\npm\node_modules\firebase-tools\lib\getDefaultHostingSite.js:8:21)
    at async requireHostingSite (C:\Users\DEll\AppData\Roaming\npm\node_modules\firebase-tools\lib\requireHostingSite.js:9:18)
    at async Object.fn (C:\Users\DEll\AppData\Roaming\npm\node_modules\firebase-tools\lib\commands\deploy.js:66:9)
    at async C:\Users\DEll\AppData\Roaming\npm\node_modules\firebase-tools\lib\command.js:161:17
[error] 
[error] Error: Failed to get Firebase project team-arcis-d2eac. Please make sure the project exists and your account has permission to access it.
